<?xml version="1.0" encoding="UTF-8"?>
<!-- Generated by org.testng.reporters.JUnitReportReporter -->
<testsuite hostname="DESKTOP-8V3MV6I" failures="0" tests="9" name="restAssured.Postreq" time="4.150" errors="0" timestamp="2022-04-14T20:26:34 GMT-05:00" skipped="0">
  <testcase classname="restAssured.Postreq" name="validateStatusCode" time="0.003"/>
  <system-out/>
  <testcase classname="restAssured.Postreq" name="validateStatusLine" time="0.004"/>
  <system-out/>
  <testcase classname="restAssured.Postreq" name="validateID" time="0.003"/>
  <system-out/>
  <testcase classname="restAssured.Postreq" name="validateFirstName" time="0.002"/>
  <system-out/>
  <testcase classname="restAssured.Postreq" name="validateLast_Name" time="0.003"/>
  <system-out/>
  <testcase classname="restAssured.Postreq" name="validateContentTypeHeader" time="0.003"/>
  <system-out/>
  <testcase classname="restAssured.Postreq" name="validateAllHeaders" time="0.004"/>
  <system-out/>
  <testcase classname="restAssured.Postreq" name="validateBody" time="3.412"/>
  <system-out/>
  <testcase classname="restAssured.Postreq" name="validategetRequest" time="0.716"/>
  <system-out/>
</testsuite> <!-- restAssured.Postreq -->
