<?xml version="1.0" encoding="UTF-8"?>
<!-- Generated by org.testng.reporters.JUnitReportReporter -->
<testsuite hostname="DESKTOP-8V3MV6I" failures="0" tests="3" name="restAssured.GetReq" time="0.005" errors="0" timestamp="2022-04-14T20:26:34 GMT-05:00" skipped="0">
  <testcase classname="restAssured.GetReq" name="validateStatusCode" time="0.001"/>
  <system-out/>
  <testcase classname="restAssured.GetReq" name="validateStatusLine" time="0.001"/>
  <system-out/>
  <testcase classname="restAssured.GetReq" name="validateResponseBody" time="0.003"/>
  <system-out/>
</testsuite> <!-- restAssured.GetReq -->
