<?xml version="1.0" encoding="UTF-8"?>
<!-- Generated by org.testng.reporters.JUnitReportReporter -->
<testsuite hostname="DESKTOP-8V3MV6I" failures="0" tests="2" name="restAssured.DeletReq" time="0.028" errors="0" timestamp="2022-04-14T20:40:20 GMT-05:00" skipped="0">
  <testcase classname="restAssured.DeletReq" name="validateStatusCodeDelete" time="0.025"/>
  <system-out/>
  <testcase classname="restAssured.DeletReq" name="validateStatusLineDelete" time="0.003"/>
  <system-out/>
</testsuite> <!-- restAssured.DeletReq -->
