<?xml version="1.0" encoding="UTF-8"?>
<!-- Generated by org.testng.reporters.JUnitReportReporter -->
<testsuite hostname="DESKTOP-8V3MV6I" failures="0" tests="5" name="restAssured.Patchreq" time="0.502" errors="0" timestamp="2022-04-14T20:26:34 GMT-05:00" skipped="0">
  <testcase classname="restAssured.Patchreq" name="validateStatusCodePatch" time="0.002"/>
  <system-out/>
  <testcase classname="restAssured.Patchreq" name="validateStatusLinePatch" time="0.002"/>
  <system-out/>
  <testcase classname="restAssured.Patchreq" name="validateResponseBodyPatch" time="0.094"/>
  <system-out/>
  <testcase classname="restAssured.Patchreq" name="getReqeustForUpdateduser" time="0.402"/>
  <system-out/>
  <testcase classname="restAssured.Patchreq" name="validateResponseBodyUpdatedUser" time="0.002"/>
  <system-out/>
</testsuite> <!-- restAssured.Patchreq -->
