<?xml version="1.0" encoding="UTF-8"?>
<!-- Generated by org.testng.reporters.JUnitReportReporter -->
<testsuite hostname="DESKTOP-8V3MV6I" failures="0" tests="3" name="restAssured.Putreq" time="0.005" errors="0" timestamp="2022-04-14T20:26:34 GMT-05:00" skipped="0">
  <testcase classname="restAssured.Putreq" name="validateStatusCodeput" time="0.002"/>
  <system-out/>
  <testcase classname="restAssured.Putreq" name="validateStatusLineput" time="0.001"/>
  <system-out/>
  <testcase classname="restAssured.Putreq" name="validateResponseBodyPut" time="0.002"/>
  <system-out/>
</testsuite> <!-- restAssured.Putreq -->
